<?xml version="1.0" encoding="UTF-8"?>
<!-- Generated by org.testng.reporters.JUnitReportReporter -->
<testsuite skipped="0" hostname="DESKTOP-BCBV1SP" name="com.qa.ug.tests.LoginPageTest" tests="1" failures="0" timestamp="23 Apr 2020 09:00:22 GMT" time="19.528" errors="0">
  <testcase name="verifyLoginPageTitleTest" time="19.528" classname="com.qa.ug.tests.LoginPageTest"/>
</testsuite> <!-- com.qa.ug.tests.LoginPageTest -->
