<?xml version="1.0" encoding="UTF-8"?>
<!-- Generated by org.testng.reporters.JUnitReportReporter -->
<testsuite skipped="0" hostname="DESKTOP-BCBV1SP" name="com.qa.hubspot.tests.LoginPageTest" tests="2" failures="0" timestamp="17 Apr 2020 07:52:59 GMT" time="59.180" errors="0">
  <testcase name="verifyLoginPageTitleTest" time="21.352" classname="com.qa.hubspot.tests.LoginPageTest"/>
  <testcase name="loginTest" time="37.828" classname="com.qa.hubspot.tests.LoginPageTest"/>
</testsuite> <!-- com.qa.hubspot.tests.LoginPageTest -->
