<?xml version="1.0" encoding="UTF-8"?>
<!-- Generated by org.testng.reporters.JUnitReportReporter -->
<testsuite skipped="0" hostname="DESKTOP-BCBV1SP" name="Driver.BrokenImg" tests="1" failures="0" timestamp="22 Apr 2020 07:30:38 GMT" time="59.388" errors="0">
  <testcase name="validateInvalidImages" time="59.388" classname="Driver.BrokenImg"/>
</testsuite> <!-- Driver.BrokenImg -->
