<?xml version="1.0" encoding="UTF-8"?>
<!-- Generated by org.testng.reporters.JUnitReportReporter -->
<testsuite skipped="0" hostname="DESKTOP-BCBV1SP" name="com.Test.com.LoginTest" tests="1" failures="0" timestamp="23 Apr 2020 09:25:08 GMT" time="4.025" errors="0">
  <testcase name="LoginTest" time="4.025" classname="com.Test.com.LoginTest"/>
</testsuite> <!-- com.Test.com.LoginTest -->
