<?xml version="1.0" encoding="UTF-8"?>
<!-- Generated by org.testng.reporters.JUnitReportReporter -->
<testsuite skipped="0" hostname="DESKTOP-BCBV1SP" name="com.Test.com.LogBtnClick" tests="1" failures="0" timestamp="23 Apr 2020 07:56:33 GMT" time="3.686" errors="0">
  <testcase name="loginTest" time="3.686" classname="com.Test.com.LogBtnClick"/>
</testsuite> <!-- com.Test.com.LogBtnClick -->
